[2024-01-11 16:37:23] local.ERROR: The file "/mnt/meng_vol\images/animegirl wallpaper.png" does not exist {"exception":"[object] (Symfony\\Component\\HttpFoundation\\File\\Exception\\FileNotFoundException(code: 0): The file \"/mnt/meng_vol\\images/animegirl wallpaper.png\" does not exist at E:\\Meng\\Self-Taught\\Learn Laravel\\7-digitalcoean_space_laravel_10\\vendor\\symfony\\http-foundation\\File\\File.php:36)
[stacktrace]
#0 E:\\Meng\\Self-Taught\\Learn Laravel\\7-digitalcoean_space_laravel_10\\vendor\\symfony\\http-foundation\\BinaryFileResponse.php(94): Symfony\\Component\\HttpFoundation\\File\\File->__construct('/mnt/meng_vol\\\\i...')
#1 E:\\Meng\\Self-Taught\\Learn Laravel\\7-digitalcoean_space_laravel_10\\vendor\\symfony\\http-foundation\\BinaryFileResponse.php(52): Symfony\\Component\\HttpFoundation\\BinaryFileResponse->setFile('/mnt/meng_vol\\\\i...', NULL, false, true)
#2 E:\\Meng\\Self-Taught\\Learn Laravel\\7-digitalcoean_space_laravel_10\\vendor\\laravel\\framework\\src\\Illuminate\\Routing\\ResponseFactory.php(194): Symfony\\Component\\HttpFoundation\\BinaryFileResponse->__construct('/mnt/meng_vol\\\\i...', 200, Array)
#3 E:\\Meng\\Self-Taught\\Learn Laravel\\7-digitalcoean_space_laravel_10\\app\\Http\\Controllers\\DisplayController.php(21): Illuminate\\Routing\\ResponseFactory->file('/mnt/meng_vol\\\\i...')
#4 E:\\Meng\\Self-Taught\\Learn Laravel\\7-digitalcoean_space_laravel_10\\vendor\\laravel\\framework\\src\\Illuminate\\Routing\\Controller.php(54): App\\Http\\Controllers\\DisplayController->display('animegirl wallp...')
#5 E:\\Meng\\Self-Taught\\Learn Laravel\\7-digitalcoean_space_laravel_10\\vendor\\laravel\\framework\\src\\Illuminate\\Routing\\ControllerDispatcher.php(45): Illuminate\\Routing\\Controller->callAction('display', Array)
#6 E:\\Meng\\Self-Taught\\Learn Laravel\\7-digitalcoean_space_laravel_10\\vendor\\laravel\\framework\\src\\Illuminate\\Routing\\Route.php(262): Illuminate\\Routing\\ControllerDispatcher->dispatch(Object(Illuminate\\Routing\\Route), Object(App\\Http\\Controllers\\DisplayController), 'display')
#7 E:\\Meng\\Self-Taught\\Learn Laravel\\7-digitalcoean_space_laravel_10\\vendor\\laravel\\framework\\src\\Illuminate\\Routing\\Route.php(205): Illuminate\\Routing\\Route->runController()
#8 E:\\Meng\\Self-Taught\\Learn Laravel\\7-digitalcoean_space_laravel_10\\vendor\\laravel\\framework\\src\\Illuminate\\Routing\\Router.php(721): Illuminate\\Routing\\Route->run()
#9 E:\\Meng\\Self-Taught\\Learn Laravel\\7-digitalcoean_space_laravel_10\\vendor\\laravel\\framework\\src\\Illuminate\\Pipeline\\Pipeline.php(128): Illuminate\\Routing\\Router->Illuminate\\Routing\\{closure}(Object(Illuminate\\Http\\Request))
#10 E:\\Meng\\Self-Taught\\Learn Laravel\\7-digitalcoean_space_laravel_10\\vendor\\laravel\\framework\\src\\Illuminate\\Routing\\Middleware\\SubstituteBindings.php(50): Illuminate\\Pipeline\\Pipeline->Illuminate\\Pipeline\\{closure}(Object(Illuminate\\Http\\Request))
#11 E:\\Meng\\Self-Taught\\Learn Laravel\\7-digitalcoean_space_laravel_10\\vendor\\laravel\\framework\\src\\Illuminate\\Pipeline\\Pipeline.php(167): Illuminate\\Routing\\Middleware\\SubstituteBindings->handle(Object(Illuminate\\Http\\Request), Object(Closure))
#12 E:\\Meng\\Self-Taught\\Learn Laravel\\7-digitalcoean_space_laravel_10\\vendor\\laravel\\framework\\src\\Illuminate\\Foundation\\Http\\Middleware\\VerifyCsrfToken.php(78): Illuminate\\Pipeline\\Pipeline->Illuminate\\Pipeline\\{closure}(Object(Illuminate\\Http\\Request))
#13 E:\\Meng\\Self-Taught\\Learn Laravel\\7-digitalcoean_space_laravel_10\\vendor\\laravel\\framework\\src\\Illuminate\\Pipeline\\Pipeline.php(167): Illuminate\\Foundation\\Http\\Middleware\\VerifyCsrfToken->handle(Object(Illuminate\\Http\\Request), Object(Closure))
#14 E:\\Meng\\Self-Taught\\Learn Laravel\\7-digitalcoean_space_laravel_10\\vendor\\laravel\\framework\\src\\Illuminate\\View\\Middleware\\ShareErrorsFromSession.php(49): Illuminate\\Pipeline\\Pipeline->Illuminate\\Pipeline\\{closure}(Object(Illuminate\\Http\\Request))
#15 E:\\Meng\\Self-Taught\\Learn Laravel\\7-digitalcoean_space_laravel_10\\vendor\\laravel\\framework\\src\\Illuminate\\Pipeline\\Pipeline.php(167): Illuminate\\View\\Middleware\\ShareErrorsFromSession->handle(Object(Illuminate\\Http\\Request), Object(Closure))
#16 E:\\Meng\\Self-Taught\\Learn Laravel\\7-digitalcoean_space_laravel_10\\vendor\\laravel\\framework\\src\\Illuminate\\Session\\Middleware\\StartSession.php(121): Illuminate\\Pipeline\\Pipeline->Illuminate\\Pipeline\\{closure}(Object(Illuminate\\Http\\Request))
#17 E:\\Meng\\Self-Taught\\Learn Laravel\\7-digitalcoean_space_laravel_10\\vendor\\laravel\\framework\\src\\Illuminate\\Session\\Middleware\\StartSession.php(64): Illuminate\\Session\\Middleware\\StartSession->handleStatefulRequest(Object(Illuminate\\Http\\Request), Object(Illuminate\\Session\\Store), Object(Closure))
#18 E:\\Meng\\Self-Taught\\Learn Laravel\\7-digitalcoean_space_laravel_10\\vendor\\laravel\\framework\\src\\Illuminate\\Pipeline\\Pipeline.php(167): Illuminate\\Session\\Middleware\\StartSession->handle(Object(Illuminate\\Http\\Request), Object(Closure))
#19 E:\\Meng\\Self-Taught\\Learn Laravel\\7-digitalcoean_space_laravel_10\\vendor\\laravel\\framework\\src\\Illuminate\\Cookie\\Middleware\\AddQueuedCookiesToResponse.php(37): Illuminate\\Pipeline\\Pipeline->Illuminate\\Pipeline\\{closure}(Object(Illuminate\\Http\\Request))
#20 E:\\Meng\\Self-Taught\\Learn Laravel\\7-digitalcoean_space_laravel_10\\vendor\\laravel\\framework\\src\\Illuminate\\Pipeline\\Pipeline.php(167): Illuminate\\Cookie\\Middleware\\AddQueuedCookiesToResponse->handle(Object(Illuminate\\Http\\Request), Object(Closure))
#21 E:\\Meng\\Self-Taught\\Learn Laravel\\7-digitalcoean_space_laravel_10\\vendor\\laravel\\framework\\src\\Illuminate\\Cookie\\Middleware\\EncryptCookies.php(67): Illuminate\\Pipeline\\Pipeline->Illuminate\\Pipeline\\{closure}(Object(Illuminate\\Http\\Request))
#22 E:\\Meng\\Self-Taught\\Learn Laravel\\7-digitalcoean_space_laravel_10\\vendor\\laravel\\framework\\src\\Illuminate\\Pipeline\\Pipeline.php(167): Illuminate\\Cookie\\Middleware\\EncryptCookies->handle(Object(Illuminate\\Http\\Request), Object(Closure))
#23 E:\\Meng\\Self-Taught\\Learn Laravel\\7-digitalcoean_space_laravel_10\\vendor\\laravel\\framework\\src\\Illuminate\\Pipeline\\Pipeline.php(103): Illuminate\\Pipeline\\Pipeline->Illuminate\\Pipeline\\{closure}(Object(Illuminate\\Http\\Request))
#24 E:\\Meng\\Self-Taught\\Learn Laravel\\7-digitalcoean_space_laravel_10\\vendor\\laravel\\framework\\src\\Illuminate\\Routing\\Router.php(723): Illuminate\\Pipeline\\Pipeline->then(Object(Closure))
#25 E:\\Meng\\Self-Taught\\Learn Laravel\\7-digitalcoean_space_laravel_10\\vendor\\laravel\\framework\\src\\Illuminate\\Routing\\Router.php(698): Illuminate\\Routing\\Router->runRouteWithinStack(Object(Illuminate\\Routing\\Route), Object(Illuminate\\Http\\Request))
#26 E:\\Meng\\Self-Taught\\Learn Laravel\\7-digitalcoean_space_laravel_10\\vendor\\laravel\\framework\\src\\Illuminate\\Routing\\Router.php(662): Illuminate\\Routing\\Router->runRoute(Object(Illuminate\\Http\\Request), Object(Illuminate\\Routing\\Route))
#27 E:\\Meng\\Self-Taught\\Learn Laravel\\7-digitalcoean_space_laravel_10\\vendor\\laravel\\framework\\src\\Illuminate\\Routing\\Router.php(651): Illuminate\\Routing\\Router->dispatchToRoute(Object(Illuminate\\Http\\Request))
#28 E:\\Meng\\Self-Taught\\Learn Laravel\\7-digitalcoean_space_laravel_10\\vendor\\laravel\\framework\\src\\Illuminate\\Foundation\\Http\\Kernel.php(167): Illuminate\\Routing\\Router->dispatch(Object(Illuminate\\Http\\Request))
#29 E:\\Meng\\Self-Taught\\Learn Laravel\\7-digitalcoean_space_laravel_10\\vendor\\laravel\\framework\\src\\Illuminate\\Pipeline\\Pipeline.php(128): Illuminate\\Foundation\\Http\\Kernel->Illuminate\\Foundation\\Http\\{closure}(Object(Illuminate\\Http\\Request))
#30 E:\\Meng\\Self-Taught\\Learn Laravel\\7-digitalcoean_space_laravel_10\\vendor\\laravel\\framework\\src\\Illuminate\\Foundation\\Http\\Middleware\\TransformsRequest.php(21): Illuminate\\Pipeline\\Pipeline->Illuminate\\Pipeline\\{closure}(Object(Illuminate\\Http\\Request))
#31 E:\\Meng\\Self-Taught\\Learn Laravel\\7-digitalcoean_space_laravel_10\\vendor\\laravel\\framework\\src\\Illuminate\\Foundation\\Http\\Middleware\\ConvertEmptyStringsToNull.php(31): Illuminate\\Foundation\\Http\\Middleware\\TransformsRequest->handle(Object(Illuminate\\Http\\Request), Object(Closure))
#32 E:\\Meng\\Self-Taught\\Learn Laravel\\7-digitalcoean_space_laravel_10\\vendor\\laravel\\framework\\src\\Illuminate\\Pipeline\\Pipeline.php(167): Illuminate\\Foundation\\Http\\Middleware\\ConvertEmptyStringsToNull->handle(Object(Illuminate\\Http\\Request), Object(Closure))
#33 E:\\Meng\\Self-Taught\\Learn Laravel\\7-digitalcoean_space_laravel_10\\vendor\\laravel\\framework\\src\\Illuminate\\Foundation\\Http\\Middleware\\TransformsRequest.php(21): Illuminate\\Pipeline\\Pipeline->Illuminate\\Pipeline\\{closure}(Object(Illuminate\\Http\\Request))
#34 E:\\Meng\\Self-Taught\\Learn Laravel\\7-digitalcoean_space_laravel_10\\vendor\\laravel\\framework\\src\\Illuminate\\Foundation\\Http\\Middleware\\TrimStrings.php(40): Illuminate\\Foundation\\Http\\Middleware\\TransformsRequest->handle(Object(Illuminate\\Http\\Request), Object(Closure))
#35 E:\\Meng\\Self-Taught\\Learn Laravel\\7-digitalcoean_space_laravel_10\\vendor\\laravel\\framework\\src\\Illuminate\\Pipeline\\Pipeline.php(167): Illuminate\\Foundation\\Http\\Middleware\\TrimStrings->handle(Object(Illuminate\\Http\\Request), Object(Closure))
#36 E:\\Meng\\Self-Taught\\Learn Laravel\\7-digitalcoean_space_laravel_10\\vendor\\laravel\\framework\\src\\Illuminate\\Foundation\\Http\\Middleware\\ValidatePostSize.php(27): Illuminate\\Pipeline\\Pipeline->Illuminate\\Pipeline\\{closure}(Object(Illuminate\\Http\\Request))
#37 E:\\Meng\\Self-Taught\\Learn Laravel\\7-digitalcoean_space_laravel_10\\vendor\\laravel\\framework\\src\\Illuminate\\Pipeline\\Pipeline.php(167): Illuminate\\Foundation\\Http\\Middleware\\ValidatePostSize->handle(Object(Illuminate\\Http\\Request), Object(Closure))
#38 E:\\Meng\\Self-Taught\\Learn Laravel\\7-digitalcoean_space_laravel_10\\vendor\\laravel\\framework\\src\\Illuminate\\Foundation\\Http\\Middleware\\PreventRequestsDuringMaintenance.php(86): Illuminate\\Pipeline\\Pipeline->Illuminate\\Pipeline\\{closure}(Object(Illuminate\\Http\\Request))
#39 E:\\Meng\\Self-Taught\\Learn Laravel\\7-digitalcoean_space_laravel_10\\vendor\\laravel\\framework\\src\\Illuminate\\Pipeline\\Pipeline.php(167): Illuminate\\Foundation\\Http\\Middleware\\PreventRequestsDuringMaintenance->handle(Object(Illuminate\\Http\\Request), Object(Closure))
#40 E:\\Meng\\Self-Taught\\Learn Laravel\\7-digitalcoean_space_laravel_10\\vendor\\fruitcake\\laravel-cors\\src\\HandleCors.php(38): Illuminate\\Pipeline\\Pipeline->Illuminate\\Pipeline\\{closure}(Object(Illuminate\\Http\\Request))
#41 E:\\Meng\\Self-Taught\\Learn Laravel\\7-digitalcoean_space_laravel_10\\vendor\\laravel\\framework\\src\\Illuminate\\Pipeline\\Pipeline.php(167): Fruitcake\\Cors\\HandleCors->handle(Object(Illuminate\\Http\\Request), Object(Closure))
#42 E:\\Meng\\Self-Taught\\Learn Laravel\\7-digitalcoean_space_laravel_10\\vendor\\laravel\\framework\\src\\Illuminate\\Http\\Middleware\\TrustProxies.php(39): Illuminate\\Pipeline\\Pipeline->Illuminate\\Pipeline\\{closure}(Object(Illuminate\\Http\\Request))
#43 E:\\Meng\\Self-Taught\\Learn Laravel\\7-digitalcoean_space_laravel_10\\vendor\\laravel\\framework\\src\\Illuminate\\Pipeline\\Pipeline.php(167): Illuminate\\Http\\Middleware\\TrustProxies->handle(Object(Illuminate\\Http\\Request), Object(Closure))
#44 E:\\Meng\\Self-Taught\\Learn Laravel\\7-digitalcoean_space_laravel_10\\vendor\\laravel\\framework\\src\\Illuminate\\Pipeline\\Pipeline.php(103): Illuminate\\Pipeline\\Pipeline->Illuminate\\Pipeline\\{closure}(Object(Illuminate\\Http\\Request))
#45 E:\\Meng\\Self-Taught\\Learn Laravel\\7-digitalcoean_space_laravel_10\\vendor\\laravel\\framework\\src\\Illuminate\\Foundation\\Http\\Kernel.php(142): Illuminate\\Pipeline\\Pipeline->then(Object(Closure))
#46 E:\\Meng\\Self-Taught\\Learn Laravel\\7-digitalcoean_space_laravel_10\\vendor\\laravel\\framework\\src\\Illuminate\\Foundation\\Http\\Kernel.php(111): Illuminate\\Foundation\\Http\\Kernel->sendRequestThroughRouter(Object(Illuminate\\Http\\Request))
#47 E:\\Meng\\Self-Taught\\Learn Laravel\\7-digitalcoean_space_laravel_10\\public\\index.php(52): Illuminate\\Foundation\\Http\\Kernel->handle(Object(Illuminate\\Http\\Request))
#48 E:\\Meng\\Self-Taught\\Learn Laravel\\7-digitalcoean_space_laravel_10\\server.php(21): require_once('E:\\\\Meng\\\\Self-Ta...')
#49 {main}
"} 
[2024-01-11 17:00:32] local.ERROR: Class 'League\Flysystem\AwsS3v3\AwsS3Adapter' not found {"exception":"[object] (Error(code: 0): Class 'League\\Flysystem\\AwsS3v3\\AwsS3Adapter' not found at E:\\Meng\\Self-Taught\\Learn Laravel\\7-digitalcoean_space_laravel_10\\vendor\\laravel\\framework\\src\\Illuminate\\Filesystem\\FilesystemManager.php:229)
[stacktrace]
#0 E:\\Meng\\Self-Taught\\Learn Laravel\\7-digitalcoean_space_laravel_10\\vendor\\laravel\\framework\\src\\Illuminate\\Filesystem\\FilesystemManager.php(147): Illuminate\\Filesystem\\FilesystemManager->createS3Driver(Array)
#1 E:\\Meng\\Self-Taught\\Learn Laravel\\7-digitalcoean_space_laravel_10\\vendor\\laravel\\framework\\src\\Illuminate\\Filesystem\\FilesystemManager.php(115): Illuminate\\Filesystem\\FilesystemManager->resolve('s3')
#2 E:\\Meng\\Self-Taught\\Learn Laravel\\7-digitalcoean_space_laravel_10\\vendor\\laravel\\framework\\src\\Illuminate\\Filesystem\\FilesystemManager.php(78): Illuminate\\Filesystem\\FilesystemManager->get('spaces')
#3 E:\\Meng\\Self-Taught\\Learn Laravel\\7-digitalcoean_space_laravel_10\\vendor\\laravel\\framework\\src\\Illuminate\\Http\\UploadedFile.php(86): Illuminate\\Filesystem\\FilesystemManager->disk('spaces')
#4 E:\\Meng\\Self-Taught\\Learn Laravel\\7-digitalcoean_space_laravel_10\\app\\Http\\Controllers\\FileController.php(24): Illuminate\\Http\\UploadedFile->storeAs('images', 'Screenshot 2023...', Array)
#5 E:\\Meng\\Self-Taught\\Learn Laravel\\7-digitalcoean_space_laravel_10\\vendor\\laravel\\framework\\src\\Illuminate\\Routing\\Controller.php(54): App\\Http\\Controllers\\FileController->upload(Object(Illuminate\\Http\\Request))
#6 E:\\Meng\\Self-Taught\\Learn Laravel\\7-digitalcoean_space_laravel_10\\vendor\\laravel\\framework\\src\\Illuminate\\Routing\\ControllerDispatcher.php(45): Illuminate\\Routing\\Controller->callAction('upload', Array)
#7 E:\\Meng\\Self-Taught\\Learn Laravel\\7-digitalcoean_space_laravel_10\\vendor\\laravel\\framework\\src\\Illuminate\\Routing\\Route.php(262): Illuminate\\Routing\\ControllerDispatcher->dispatch(Object(Illuminate\\Routing\\Route), Object(App\\Http\\Controllers\\FileController), 'upload')
#8 E:\\Meng\\Self-Taught\\Learn Laravel\\7-digitalcoean_space_laravel_10\\vendor\\laravel\\framework\\src\\Illuminate\\Routing\\Route.php(205): Illuminate\\Routing\\Route->runController()
#9 E:\\Meng\\Self-Taught\\Learn Laravel\\7-digitalcoean_space_laravel_10\\vendor\\laravel\\framework\\src\\Illuminate\\Routing\\Router.php(721): Illuminate\\Routing\\Route->run()
#10 E:\\Meng\\Self-Taught\\Learn Laravel\\7-digitalcoean_space_laravel_10\\vendor\\laravel\\framework\\src\\Illuminate\\Pipeline\\Pipeline.php(128): Illuminate\\Routing\\Router->Illuminate\\Routing\\{closure}(Object(Illuminate\\Http\\Request))
#11 E:\\Meng\\Self-Taught\\Learn Laravel\\7-digitalcoean_space_laravel_10\\vendor\\laravel\\framework\\src\\Illuminate\\Routing\\Middleware\\SubstituteBindings.php(50): Illuminate\\Pipeline\\Pipeline->Illuminate\\Pipeline\\{closure}(Object(Illuminate\\Http\\Request))
#12 E:\\Meng\\Self-Taught\\Learn Laravel\\7-digitalcoean_space_laravel_10\\vendor\\laravel\\framework\\src\\Illuminate\\Pipeline\\Pipeline.php(167): Illuminate\\Routing\\Middleware\\SubstituteBindings->handle(Object(Illuminate\\Http\\Request), Object(Closure))
#13 E:\\Meng\\Self-Taught\\Learn Laravel\\7-digitalcoean_space_laravel_10\\vendor\\laravel\\framework\\src\\Illuminate\\Foundation\\Http\\Middleware\\VerifyCsrfToken.php(78): Illuminate\\Pipeline\\Pipeline->Illuminate\\Pipeline\\{closure}(Object(Illuminate\\Http\\Request))
#14 E:\\Meng\\Self-Taught\\Learn Laravel\\7-digitalcoean_space_laravel_10\\vendor\\laravel\\framework\\src\\Illuminate\\Pipeline\\Pipeline.php(167): Illuminate\\Foundation\\Http\\Middleware\\VerifyCsrfToken->handle(Object(Illuminate\\Http\\Request), Object(Closure))
#15 E:\\Meng\\Self-Taught\\Learn Laravel\\7-digitalcoean_space_laravel_10\\vendor\\laravel\\framework\\src\\Illuminate\\View\\Middleware\\ShareErrorsFromSession.php(49): Illuminate\\Pipeline\\Pipeline->Illuminate\\Pipeline\\{closure}(Object(Illuminate\\Http\\Request))
#16 E:\\Meng\\Self-Taught\\Learn Laravel\\7-digitalcoean_space_laravel_10\\vendor\\laravel\\framework\\src\\Illuminate\\Pipeline\\Pipeline.php(167): Illuminate\\View\\Middleware\\ShareErrorsFromSession->handle(Object(Illuminate\\Http\\Request), Object(Closure))
#17 E:\\Meng\\Self-Taught\\Learn Laravel\\7-digitalcoean_space_laravel_10\\vendor\\laravel\\framework\\src\\Illuminate\\Session\\Middleware\\StartSession.php(121): Illuminate\\Pipeline\\Pipeline->Illuminate\\Pipeline\\{closure}(Object(Illuminate\\Http\\Request))
#18 E:\\Meng\\Self-Taught\\Learn Laravel\\7-digitalcoean_space_laravel_10\\vendor\\laravel\\framework\\src\\Illuminate\\Session\\Middleware\\StartSession.php(64): Illuminate\\Session\\Middleware\\StartSession->handleStatefulRequest(Object(Illuminate\\Http\\Request), Object(Illuminate\\Session\\Store), Object(Closure))
#19 E:\\Meng\\Self-Taught\\Learn Laravel\\7-digitalcoean_space_laravel_10\\vendor\\laravel\\framework\\src\\Illuminate\\Pipeline\\Pipeline.php(167): Illuminate\\Session\\Middleware\\StartSession->handle(Object(Illuminate\\Http\\Request), Object(Closure))
#20 E:\\Meng\\Self-Taught\\Learn Laravel\\7-digitalcoean_space_laravel_10\\vendor\\laravel\\framework\\src\\Illuminate\\Cookie\\Middleware\\AddQueuedCookiesToResponse.php(37): Illuminate\\Pipeline\\Pipeline->Illuminate\\Pipeline\\{closure}(Object(Illuminate\\Http\\Request))
#21 E:\\Meng\\Self-Taught\\Learn Laravel\\7-digitalcoean_space_laravel_10\\vendor\\laravel\\framework\\src\\Illuminate\\Pipeline\\Pipeline.php(167): Illuminate\\Cookie\\Middleware\\AddQueuedCookiesToResponse->handle(Object(Illuminate\\Http\\Request), Object(Closure))
#22 E:\\Meng\\Self-Taught\\Learn Laravel\\7-digitalcoean_space_laravel_10\\vendor\\laravel\\framework\\src\\Illuminate\\Cookie\\Middleware\\EncryptCookies.php(67): Illuminate\\Pipeline\\Pipeline->Illuminate\\Pipeline\\{closure}(Object(Illuminate\\Http\\Request))
#23 E:\\Meng\\Self-Taught\\Learn Laravel\\7-digitalcoean_space_laravel_10\\vendor\\laravel\\framework\\src\\Illuminate\\Pipeline\\Pipeline.php(167): Illuminate\\Cookie\\Middleware\\EncryptCookies->handle(Object(Illuminate\\Http\\Request), Object(Closure))
#24 E:\\Meng\\Self-Taught\\Learn Laravel\\7-digitalcoean_space_laravel_10\\vendor\\laravel\\framework\\src\\Illuminate\\Pipeline\\Pipeline.php(103): Illuminate\\Pipeline\\Pipeline->Illuminate\\Pipeline\\{closure}(Object(Illuminate\\Http\\Request))
#25 E:\\Meng\\Self-Taught\\Learn Laravel\\7-digitalcoean_space_laravel_10\\vendor\\laravel\\framework\\src\\Illuminate\\Routing\\Router.php(723): Illuminate\\Pipeline\\Pipeline->then(Object(Closure))
#26 E:\\Meng\\Self-Taught\\Learn Laravel\\7-digitalcoean_space_laravel_10\\vendor\\laravel\\framework\\src\\Illuminate\\Routing\\Router.php(698): Illuminate\\Routing\\Router->runRouteWithinStack(Object(Illuminate\\Routing\\Route), Object(Illuminate\\Http\\Request))
#27 E:\\Meng\\Self-Taught\\Learn Laravel\\7-digitalcoean_space_laravel_10\\vendor\\laravel\\framework\\src\\Illuminate\\Routing\\Router.php(662): Illuminate\\Routing\\Router->runRoute(Object(Illuminate\\Http\\Request), Object(Illuminate\\Routing\\Route))
#28 E:\\Meng\\Self-Taught\\Learn Laravel\\7-digitalcoean_space_laravel_10\\vendor\\laravel\\framework\\src\\Illuminate\\Routing\\Router.php(651): Illuminate\\Routing\\Router->dispatchToRoute(Object(Illuminate\\Http\\Request))
#29 E:\\Meng\\Self-Taught\\Learn Laravel\\7-digitalcoean_space_laravel_10\\vendor\\laravel\\framework\\src\\Illuminate\\Foundation\\Http\\Kernel.php(167): Illuminate\\Routing\\Router->dispatch(Object(Illuminate\\Http\\Request))
#30 E:\\Meng\\Self-Taught\\Learn Laravel\\7-digitalcoean_space_laravel_10\\vendor\\laravel\\framework\\src\\Illuminate\\Pipeline\\Pipeline.php(128): Illuminate\\Foundation\\Http\\Kernel->Illuminate\\Foundation\\Http\\{closure}(Object(Illuminate\\Http\\Request))
#31 E:\\Meng\\Self-Taught\\Learn Laravel\\7-digitalcoean_space_laravel_10\\vendor\\laravel\\framework\\src\\Illuminate\\Foundation\\Http\\Middleware\\TransformsRequest.php(21): Illuminate\\Pipeline\\Pipeline->Illuminate\\Pipeline\\{closure}(Object(Illuminate\\Http\\Request))
#32 E:\\Meng\\Self-Taught\\Learn Laravel\\7-digitalcoean_space_laravel_10\\vendor\\laravel\\framework\\src\\Illuminate\\Foundation\\Http\\Middleware\\ConvertEmptyStringsToNull.php(31): Illuminate\\Foundation\\Http\\Middleware\\TransformsRequest->handle(Object(Illuminate\\Http\\Request), Object(Closure))
#33 E:\\Meng\\Self-Taught\\Learn Laravel\\7-digitalcoean_space_laravel_10\\vendor\\laravel\\framework\\src\\Illuminate\\Pipeline\\Pipeline.php(167): Illuminate\\Foundation\\Http\\Middleware\\ConvertEmptyStringsToNull->handle(Object(Illuminate\\Http\\Request), Object(Closure))
#34 E:\\Meng\\Self-Taught\\Learn Laravel\\7-digitalcoean_space_laravel_10\\vendor\\laravel\\framework\\src\\Illuminate\\Foundation\\Http\\Middleware\\TransformsRequest.php(21): Illuminate\\Pipeline\\Pipeline->Illuminate\\Pipeline\\{closure}(Object(Illuminate\\Http\\Request))
#35 E:\\Meng\\Self-Taught\\Learn Laravel\\7-digitalcoean_space_laravel_10\\vendor\\laravel\\framework\\src\\Illuminate\\Foundation\\Http\\Middleware\\TrimStrings.php(40): Illuminate\\Foundation\\Http\\Middleware\\TransformsRequest->handle(Object(Illuminate\\Http\\Request), Object(Closure))
#36 E:\\Meng\\Self-Taught\\Learn Laravel\\7-digitalcoean_space_laravel_10\\vendor\\laravel\\framework\\src\\Illuminate\\Pipeline\\Pipeline.php(167): Illuminate\\Foundation\\Http\\Middleware\\TrimStrings->handle(Object(Illuminate\\Http\\Request), Object(Closure))
#37 E:\\Meng\\Self-Taught\\Learn Laravel\\7-digitalcoean_space_laravel_10\\vendor\\laravel\\framework\\src\\Illuminate\\Foundation\\Http\\Middleware\\ValidatePostSize.php(27): Illuminate\\Pipeline\\Pipeline->Illuminate\\Pipeline\\{closure}(Object(Illuminate\\Http\\Request))
#38 E:\\Meng\\Self-Taught\\Learn Laravel\\7-digitalcoean_space_laravel_10\\vendor\\laravel\\framework\\src\\Illuminate\\Pipeline\\Pipeline.php(167): Illuminate\\Foundation\\Http\\Middleware\\ValidatePostSize->handle(Object(Illuminate\\Http\\Request), Object(Closure))
#39 E:\\Meng\\Self-Taught\\Learn Laravel\\7-digitalcoean_space_laravel_10\\vendor\\laravel\\framework\\src\\Illuminate\\Foundation\\Http\\Middleware\\PreventRequestsDuringMaintenance.php(86): Illuminate\\Pipeline\\Pipeline->Illuminate\\Pipeline\\{closure}(Object(Illuminate\\Http\\Request))
#40 E:\\Meng\\Self-Taught\\Learn Laravel\\7-digitalcoean_space_laravel_10\\vendor\\laravel\\framework\\src\\Illuminate\\Pipeline\\Pipeline.php(167): Illuminate\\Foundation\\Http\\Middleware\\PreventRequestsDuringMaintenance->handle(Object(Illuminate\\Http\\Request), Object(Closure))
#41 E:\\Meng\\Self-Taught\\Learn Laravel\\7-digitalcoean_space_laravel_10\\vendor\\fruitcake\\laravel-cors\\src\\HandleCors.php(38): Illuminate\\Pipeline\\Pipeline->Illuminate\\Pipeline\\{closure}(Object(Illuminate\\Http\\Request))
#42 E:\\Meng\\Self-Taught\\Learn Laravel\\7-digitalcoean_space_laravel_10\\vendor\\laravel\\framework\\src\\Illuminate\\Pipeline\\Pipeline.php(167): Fruitcake\\Cors\\HandleCors->handle(Object(Illuminate\\Http\\Request), Object(Closure))
#43 E:\\Meng\\Self-Taught\\Learn Laravel\\7-digitalcoean_space_laravel_10\\vendor\\laravel\\framework\\src\\Illuminate\\Http\\Middleware\\TrustProxies.php(39): Illuminate\\Pipeline\\Pipeline->Illuminate\\Pipeline\\{closure}(Object(Illuminate\\Http\\Request))
#44 E:\\Meng\\Self-Taught\\Learn Laravel\\7-digitalcoean_space_laravel_10\\vendor\\laravel\\framework\\src\\Illuminate\\Pipeline\\Pipeline.php(167): Illuminate\\Http\\Middleware\\TrustProxies->handle(Object(Illuminate\\Http\\Request), Object(Closure))
#45 E:\\Meng\\Self-Taught\\Learn Laravel\\7-digitalcoean_space_laravel_10\\vendor\\laravel\\framework\\src\\Illuminate\\Pipeline\\Pipeline.php(103): Illuminate\\Pipeline\\Pipeline->Illuminate\\Pipeline\\{closure}(Object(Illuminate\\Http\\Request))
#46 E:\\Meng\\Self-Taught\\Learn Laravel\\7-digitalcoean_space_laravel_10\\vendor\\laravel\\framework\\src\\Illuminate\\Foundation\\Http\\Kernel.php(142): Illuminate\\Pipeline\\Pipeline->then(Object(Closure))
#47 E:\\Meng\\Self-Taught\\Learn Laravel\\7-digitalcoean_space_laravel_10\\vendor\\laravel\\framework\\src\\Illuminate\\Foundation\\Http\\Kernel.php(111): Illuminate\\Foundation\\Http\\Kernel->sendRequestThroughRouter(Object(Illuminate\\Http\\Request))
#48 E:\\Meng\\Self-Taught\\Learn Laravel\\7-digitalcoean_space_laravel_10\\public\\index.php(52): Illuminate\\Foundation\\Http\\Kernel->handle(Object(Illuminate\\Http\\Request))
#49 E:\\Meng\\Self-Taught\\Learn Laravel\\7-digitalcoean_space_laravel_10\\server.php(21): require_once('E:\\\\Meng\\\\Self-Ta...')
#50 {main}
"} 
[2024-01-11 17:01:59] local.ERROR: The file "/mnt/meng_vol\images/animegirl wallpaper.png" does not exist {"exception":"[object] (Symfony\\Component\\HttpFoundation\\File\\Exception\\FileNotFoundException(code: 0): The file \"/mnt/meng_vol\\images/animegirl wallpaper.png\" does not exist at E:\\Meng\\Self-Taught\\Learn Laravel\\7-digitalcoean_space_laravel_10\\vendor\\symfony\\http-foundation\\File\\File.php:36)
[stacktrace]
#0 E:\\Meng\\Self-Taught\\Learn Laravel\\7-digitalcoean_space_laravel_10\\vendor\\symfony\\http-foundation\\BinaryFileResponse.php(94): Symfony\\Component\\HttpFoundation\\File\\File->__construct('/mnt/meng_vol\\\\i...')
#1 E:\\Meng\\Self-Taught\\Learn Laravel\\7-digitalcoean_space_laravel_10\\vendor\\symfony\\http-foundation\\BinaryFileResponse.php(52): Symfony\\Component\\HttpFoundation\\BinaryFileResponse->setFile('/mnt/meng_vol\\\\i...', NULL, false, true)
#2 E:\\Meng\\Self-Taught\\Learn Laravel\\7-digitalcoean_space_laravel_10\\vendor\\laravel\\framework\\src\\Illuminate\\Routing\\ResponseFactory.php(194): Symfony\\Component\\HttpFoundation\\BinaryFileResponse->__construct('/mnt/meng_vol\\\\i...', 200, Array)
#3 E:\\Meng\\Self-Taught\\Learn Laravel\\7-digitalcoean_space_laravel_10\\app\\Http\\Controllers\\DisplayController.php(21): Illuminate\\Routing\\ResponseFactory->file('/mnt/meng_vol\\\\i...')
#4 E:\\Meng\\Self-Taught\\Learn Laravel\\7-digitalcoean_space_laravel_10\\vendor\\laravel\\framework\\src\\Illuminate\\Routing\\Controller.php(54): App\\Http\\Controllers\\DisplayController->display('animegirl wallp...')
#5 E:\\Meng\\Self-Taught\\Learn Laravel\\7-digitalcoean_space_laravel_10\\vendor\\laravel\\framework\\src\\Illuminate\\Routing\\ControllerDispatcher.php(45): Illuminate\\Routing\\Controller->callAction('display', Array)
#6 E:\\Meng\\Self-Taught\\Learn Laravel\\7-digitalcoean_space_laravel_10\\vendor\\laravel\\framework\\src\\Illuminate\\Routing\\Route.php(262): Illuminate\\Routing\\ControllerDispatcher->dispatch(Object(Illuminate\\Routing\\Route), Object(App\\Http\\Controllers\\DisplayController), 'display')
#7 E:\\Meng\\Self-Taught\\Learn Laravel\\7-digitalcoean_space_laravel_10\\vendor\\laravel\\framework\\src\\Illuminate\\Routing\\Route.php(205): Illuminate\\Routing\\Route->runController()
#8 E:\\Meng\\Self-Taught\\Learn Laravel\\7-digitalcoean_space_laravel_10\\vendor\\laravel\\framework\\src\\Illuminate\\Routing\\Router.php(721): Illuminate\\Routing\\Route->run()
#9 E:\\Meng\\Self-Taught\\Learn Laravel\\7-digitalcoean_space_laravel_10\\vendor\\laravel\\framework\\src\\Illuminate\\Pipeline\\Pipeline.php(128): Illuminate\\Routing\\Router->Illuminate\\Routing\\{closure}(Object(Illuminate\\Http\\Request))
#10 E:\\Meng\\Self-Taught\\Learn Laravel\\7-digitalcoean_space_laravel_10\\vendor\\laravel\\framework\\src\\Illuminate\\Routing\\Middleware\\SubstituteBindings.php(50): Illuminate\\Pipeline\\Pipeline->Illuminate\\Pipeline\\{closure}(Object(Illuminate\\Http\\Request))
#11 E:\\Meng\\Self-Taught\\Learn Laravel\\7-digitalcoean_space_laravel_10\\vendor\\laravel\\framework\\src\\Illuminate\\Pipeline\\Pipeline.php(167): Illuminate\\Routing\\Middleware\\SubstituteBindings->handle(Object(Illuminate\\Http\\Request), Object(Closure))
#12 E:\\Meng\\Self-Taught\\Learn Laravel\\7-digitalcoean_space_laravel_10\\vendor\\laravel\\framework\\src\\Illuminate\\Foundation\\Http\\Middleware\\VerifyCsrfToken.php(78): Illuminate\\Pipeline\\Pipeline->Illuminate\\Pipeline\\{closure}(Object(Illuminate\\Http\\Request))
#13 E:\\Meng\\Self-Taught\\Learn Laravel\\7-digitalcoean_space_laravel_10\\vendor\\laravel\\framework\\src\\Illuminate\\Pipeline\\Pipeline.php(167): Illuminate\\Foundation\\Http\\Middleware\\VerifyCsrfToken->handle(Object(Illuminate\\Http\\Request), Object(Closure))
#14 E:\\Meng\\Self-Taught\\Learn Laravel\\7-digitalcoean_space_laravel_10\\vendor\\laravel\\framework\\src\\Illuminate\\View\\Middleware\\ShareErrorsFromSession.php(49): Illuminate\\Pipeline\\Pipeline->Illuminate\\Pipeline\\{closure}(Object(Illuminate\\Http\\Request))
#15 E:\\Meng\\Self-Taught\\Learn Laravel\\7-digitalcoean_space_laravel_10\\vendor\\laravel\\framework\\src\\Illuminate\\Pipeline\\Pipeline.php(167): Illuminate\\View\\Middleware\\ShareErrorsFromSession->handle(Object(Illuminate\\Http\\Request), Object(Closure))
#16 E:\\Meng\\Self-Taught\\Learn Laravel\\7-digitalcoean_space_laravel_10\\vendor\\laravel\\framework\\src\\Illuminate\\Session\\Middleware\\StartSession.php(121): Illuminate\\Pipeline\\Pipeline->Illuminate\\Pipeline\\{closure}(Object(Illuminate\\Http\\Request))
#17 E:\\Meng\\Self-Taught\\Learn Laravel\\7-digitalcoean_space_laravel_10\\vendor\\laravel\\framework\\src\\Illuminate\\Session\\Middleware\\StartSession.php(64): Illuminate\\Session\\Middleware\\StartSession->handleStatefulRequest(Object(Illuminate\\Http\\Request), Object(Illuminate\\Session\\Store), Object(Closure))
#18 E:\\Meng\\Self-Taught\\Learn Laravel\\7-digitalcoean_space_laravel_10\\vendor\\laravel\\framework\\src\\Illuminate\\Pipeline\\Pipeline.php(167): Illuminate\\Session\\Middleware\\StartSession->handle(Object(Illuminate\\Http\\Request), Object(Closure))
#19 E:\\Meng\\Self-Taught\\Learn Laravel\\7-digitalcoean_space_laravel_10\\vendor\\laravel\\framework\\src\\Illuminate\\Cookie\\Middleware\\AddQueuedCookiesToResponse.php(37): Illuminate\\Pipeline\\Pipeline->Illuminate\\Pipeline\\{closure}(Object(Illuminate\\Http\\Request))
#20 E:\\Meng\\Self-Taught\\Learn Laravel\\7-digitalcoean_space_laravel_10\\vendor\\laravel\\framework\\src\\Illuminate\\Pipeline\\Pipeline.php(167): Illuminate\\Cookie\\Middleware\\AddQueuedCookiesToResponse->handle(Object(Illuminate\\Http\\Request), Object(Closure))
#21 E:\\Meng\\Self-Taught\\Learn Laravel\\7-digitalcoean_space_laravel_10\\vendor\\laravel\\framework\\src\\Illuminate\\Cookie\\Middleware\\EncryptCookies.php(67): Illuminate\\Pipeline\\Pipeline->Illuminate\\Pipeline\\{closure}(Object(Illuminate\\Http\\Request))
#22 E:\\Meng\\Self-Taught\\Learn Laravel\\7-digitalcoean_space_laravel_10\\vendor\\laravel\\framework\\src\\Illuminate\\Pipeline\\Pipeline.php(167): Illuminate\\Cookie\\Middleware\\EncryptCookies->handle(Object(Illuminate\\Http\\Request), Object(Closure))
#23 E:\\Meng\\Self-Taught\\Learn Laravel\\7-digitalcoean_space_laravel_10\\vendor\\laravel\\framework\\src\\Illuminate\\Pipeline\\Pipeline.php(103): Illuminate\\Pipeline\\Pipeline->Illuminate\\Pipeline\\{closure}(Object(Illuminate\\Http\\Request))
#24 E:\\Meng\\Self-Taught\\Learn Laravel\\7-digitalcoean_space_laravel_10\\vendor\\laravel\\framework\\src\\Illuminate\\Routing\\Router.php(723): Illuminate\\Pipeline\\Pipeline->then(Object(Closure))
#25 E:\\Meng\\Self-Taught\\Learn Laravel\\7-digitalcoean_space_laravel_10\\vendor\\laravel\\framework\\src\\Illuminate\\Routing\\Router.php(698): Illuminate\\Routing\\Router->runRouteWithinStack(Object(Illuminate\\Routing\\Route), Object(Illuminate\\Http\\Request))
#26 E:\\Meng\\Self-Taught\\Learn Laravel\\7-digitalcoean_space_laravel_10\\vendor\\laravel\\framework\\src\\Illuminate\\Routing\\Router.php(662): Illuminate\\Routing\\Router->runRoute(Object(Illuminate\\Http\\Request), Object(Illuminate\\Routing\\Route))
#27 E:\\Meng\\Self-Taught\\Learn Laravel\\7-digitalcoean_space_laravel_10\\vendor\\laravel\\framework\\src\\Illuminate\\Routing\\Router.php(651): Illuminate\\Routing\\Router->dispatchToRoute(Object(Illuminate\\Http\\Request))
#28 E:\\Meng\\Self-Taught\\Learn Laravel\\7-digitalcoean_space_laravel_10\\vendor\\laravel\\framework\\src\\Illuminate\\Foundation\\Http\\Kernel.php(167): Illuminate\\Routing\\Router->dispatch(Object(Illuminate\\Http\\Request))
#29 E:\\Meng\\Self-Taught\\Learn Laravel\\7-digitalcoean_space_laravel_10\\vendor\\laravel\\framework\\src\\Illuminate\\Pipeline\\Pipeline.php(128): Illuminate\\Foundation\\Http\\Kernel->Illuminate\\Foundation\\Http\\{closure}(Object(Illuminate\\Http\\Request))
#30 E:\\Meng\\Self-Taught\\Learn Laravel\\7-digitalcoean_space_laravel_10\\vendor\\laravel\\framework\\src\\Illuminate\\Foundation\\Http\\Middleware\\TransformsRequest.php(21): Illuminate\\Pipeline\\Pipeline->Illuminate\\Pipeline\\{closure}(Object(Illuminate\\Http\\Request))
#31 E:\\Meng\\Self-Taught\\Learn Laravel\\7-digitalcoean_space_laravel_10\\vendor\\laravel\\framework\\src\\Illuminate\\Foundation\\Http\\Middleware\\ConvertEmptyStringsToNull.php(31): Illuminate\\Foundation\\Http\\Middleware\\TransformsRequest->handle(Object(Illuminate\\Http\\Request), Object(Closure))
#32 E:\\Meng\\Self-Taught\\Learn Laravel\\7-digitalcoean_space_laravel_10\\vendor\\laravel\\framework\\src\\Illuminate\\Pipeline\\Pipeline.php(167): Illuminate\\Foundation\\Http\\Middleware\\ConvertEmptyStringsToNull->handle(Object(Illuminate\\Http\\Request), Object(Closure))
#33 E:\\Meng\\Self-Taught\\Learn Laravel\\7-digitalcoean_space_laravel_10\\vendor\\laravel\\framework\\src\\Illuminate\\Foundation\\Http\\Middleware\\TransformsRequest.php(21): Illuminate\\Pipeline\\Pipeline->Illuminate\\Pipeline\\{closure}(Object(Illuminate\\Http\\Request))
#34 E:\\Meng\\Self-Taught\\Learn Laravel\\7-digitalcoean_space_laravel_10\\vendor\\laravel\\framework\\src\\Illuminate\\Foundation\\Http\\Middleware\\TrimStrings.php(40): Illuminate\\Foundation\\Http\\Middleware\\TransformsRequest->handle(Object(Illuminate\\Http\\Request), Object(Closure))
#35 E:\\Meng\\Self-Taught\\Learn Laravel\\7-digitalcoean_space_laravel_10\\vendor\\laravel\\framework\\src\\Illuminate\\Pipeline\\Pipeline.php(167): Illuminate\\Foundation\\Http\\Middleware\\TrimStrings->handle(Object(Illuminate\\Http\\Request), Object(Closure))
#36 E:\\Meng\\Self-Taught\\Learn Laravel\\7-digitalcoean_space_laravel_10\\vendor\\laravel\\framework\\src\\Illuminate\\Foundation\\Http\\Middleware\\ValidatePostSize.php(27): Illuminate\\Pipeline\\Pipeline->Illuminate\\Pipeline\\{closure}(Object(Illuminate\\Http\\Request))
#37 E:\\Meng\\Self-Taught\\Learn Laravel\\7-digitalcoean_space_laravel_10\\vendor\\laravel\\framework\\src\\Illuminate\\Pipeline\\Pipeline.php(167): Illuminate\\Foundation\\Http\\Middleware\\ValidatePostSize->handle(Object(Illuminate\\Http\\Request), Object(Closure))
#38 E:\\Meng\\Self-Taught\\Learn Laravel\\7-digitalcoean_space_laravel_10\\vendor\\laravel\\framework\\src\\Illuminate\\Foundation\\Http\\Middleware\\PreventRequestsDuringMaintenance.php(86): Illuminate\\Pipeline\\Pipeline->Illuminate\\Pipeline\\{closure}(Object(Illuminate\\Http\\Request))
#39 E:\\Meng\\Self-Taught\\Learn Laravel\\7-digitalcoean_space_laravel_10\\vendor\\laravel\\framework\\src\\Illuminate\\Pipeline\\Pipeline.php(167): Illuminate\\Foundation\\Http\\Middleware\\PreventRequestsDuringMaintenance->handle(Object(Illuminate\\Http\\Request), Object(Closure))
#40 E:\\Meng\\Self-Taught\\Learn Laravel\\7-digitalcoean_space_laravel_10\\vendor\\fruitcake\\laravel-cors\\src\\HandleCors.php(38): Illuminate\\Pipeline\\Pipeline->Illuminate\\Pipeline\\{closure}(Object(Illuminate\\Http\\Request))
#41 E:\\Meng\\Self-Taught\\Learn Laravel\\7-digitalcoean_space_laravel_10\\vendor\\laravel\\framework\\src\\Illuminate\\Pipeline\\Pipeline.php(167): Fruitcake\\Cors\\HandleCors->handle(Object(Illuminate\\Http\\Request), Object(Closure))
#42 E:\\Meng\\Self-Taught\\Learn Laravel\\7-digitalcoean_space_laravel_10\\vendor\\laravel\\framework\\src\\Illuminate\\Http\\Middleware\\TrustProxies.php(39): Illuminate\\Pipeline\\Pipeline->Illuminate\\Pipeline\\{closure}(Object(Illuminate\\Http\\Request))
#43 E:\\Meng\\Self-Taught\\Learn Laravel\\7-digitalcoean_space_laravel_10\\vendor\\laravel\\framework\\src\\Illuminate\\Pipeline\\Pipeline.php(167): Illuminate\\Http\\Middleware\\TrustProxies->handle(Object(Illuminate\\Http\\Request), Object(Closure))
#44 E:\\Meng\\Self-Taught\\Learn Laravel\\7-digitalcoean_space_laravel_10\\vendor\\laravel\\framework\\src\\Illuminate\\Pipeline\\Pipeline.php(103): Illuminate\\Pipeline\\Pipeline->Illuminate\\Pipeline\\{closure}(Object(Illuminate\\Http\\Request))
#45 E:\\Meng\\Self-Taught\\Learn Laravel\\7-digitalcoean_space_laravel_10\\vendor\\laravel\\framework\\src\\Illuminate\\Foundation\\Http\\Kernel.php(142): Illuminate\\Pipeline\\Pipeline->then(Object(Closure))
#46 E:\\Meng\\Self-Taught\\Learn Laravel\\7-digitalcoean_space_laravel_10\\vendor\\laravel\\framework\\src\\Illuminate\\Foundation\\Http\\Kernel.php(111): Illuminate\\Foundation\\Http\\Kernel->sendRequestThroughRouter(Object(Illuminate\\Http\\Request))
#47 E:\\Meng\\Self-Taught\\Learn Laravel\\7-digitalcoean_space_laravel_10\\public\\index.php(52): Illuminate\\Foundation\\Http\\Kernel->handle(Object(Illuminate\\Http\\Request))
#48 E:\\Meng\\Self-Taught\\Learn Laravel\\7-digitalcoean_space_laravel_10\\server.php(21): require_once('E:\\\\Meng\\\\Self-Ta...')
#49 {main}
"} 
[2024-01-11 17:05:49] local.ERROR: The file "/mnt/meng_vol\images/animegirl wallpaper.png" does not exist {"exception":"[object] (Symfony\\Component\\HttpFoundation\\File\\Exception\\FileNotFoundException(code: 0): The file \"/mnt/meng_vol\\images/animegirl wallpaper.png\" does not exist at E:\\Meng\\Self-Taught\\Learn Laravel\\7-digitalcoean_space_laravel_10\\vendor\\symfony\\http-foundation\\File\\File.php:36)
[stacktrace]
#0 E:\\Meng\\Self-Taught\\Learn Laravel\\7-digitalcoean_space_laravel_10\\vendor\\symfony\\http-foundation\\BinaryFileResponse.php(94): Symfony\\Component\\HttpFoundation\\File\\File->__construct('/mnt/meng_vol\\\\i...')
#1 E:\\Meng\\Self-Taught\\Learn Laravel\\7-digitalcoean_space_laravel_10\\vendor\\symfony\\http-foundation\\BinaryFileResponse.php(52): Symfony\\Component\\HttpFoundation\\BinaryFileResponse->setFile('/mnt/meng_vol\\\\i...', NULL, false, true)
#2 E:\\Meng\\Self-Taught\\Learn Laravel\\7-digitalcoean_space_laravel_10\\vendor\\laravel\\framework\\src\\Illuminate\\Routing\\ResponseFactory.php(194): Symfony\\Component\\HttpFoundation\\BinaryFileResponse->__construct('/mnt/meng_vol\\\\i...', 200, Array)
#3 E:\\Meng\\Self-Taught\\Learn Laravel\\7-digitalcoean_space_laravel_10\\app\\Http\\Controllers\\DisplayController.php(21): Illuminate\\Routing\\ResponseFactory->file('/mnt/meng_vol\\\\i...')
#4 E:\\Meng\\Self-Taught\\Learn Laravel\\7-digitalcoean_space_laravel_10\\vendor\\laravel\\framework\\src\\Illuminate\\Routing\\Controller.php(54): App\\Http\\Controllers\\DisplayController->display('animegirl wallp...')
#5 E:\\Meng\\Self-Taught\\Learn Laravel\\7-digitalcoean_space_laravel_10\\vendor\\laravel\\framework\\src\\Illuminate\\Routing\\ControllerDispatcher.php(45): Illuminate\\Routing\\Controller->callAction('display', Array)
#6 E:\\Meng\\Self-Taught\\Learn Laravel\\7-digitalcoean_space_laravel_10\\vendor\\laravel\\framework\\src\\Illuminate\\Routing\\Route.php(262): Illuminate\\Routing\\ControllerDispatcher->dispatch(Object(Illuminate\\Routing\\Route), Object(App\\Http\\Controllers\\DisplayController), 'display')
#7 E:\\Meng\\Self-Taught\\Learn Laravel\\7-digitalcoean_space_laravel_10\\vendor\\laravel\\framework\\src\\Illuminate\\Routing\\Route.php(205): Illuminate\\Routing\\Route->runController()
#8 E:\\Meng\\Self-Taught\\Learn Laravel\\7-digitalcoean_space_laravel_10\\vendor\\laravel\\framework\\src\\Illuminate\\Routing\\Router.php(721): Illuminate\\Routing\\Route->run()
#9 E:\\Meng\\Self-Taught\\Learn Laravel\\7-digitalcoean_space_laravel_10\\vendor\\laravel\\framework\\src\\Illuminate\\Pipeline\\Pipeline.php(128): Illuminate\\Routing\\Router->Illuminate\\Routing\\{closure}(Object(Illuminate\\Http\\Request))
#10 E:\\Meng\\Self-Taught\\Learn Laravel\\7-digitalcoean_space_laravel_10\\vendor\\laravel\\framework\\src\\Illuminate\\Routing\\Middleware\\SubstituteBindings.php(50): Illuminate\\Pipeline\\Pipeline->Illuminate\\Pipeline\\{closure}(Object(Illuminate\\Http\\Request))
#11 E:\\Meng\\Self-Taught\\Learn Laravel\\7-digitalcoean_space_laravel_10\\vendor\\laravel\\framework\\src\\Illuminate\\Pipeline\\Pipeline.php(167): Illuminate\\Routing\\Middleware\\SubstituteBindings->handle(Object(Illuminate\\Http\\Request), Object(Closure))
#12 E:\\Meng\\Self-Taught\\Learn Laravel\\7-digitalcoean_space_laravel_10\\vendor\\laravel\\framework\\src\\Illuminate\\Foundation\\Http\\Middleware\\VerifyCsrfToken.php(78): Illuminate\\Pipeline\\Pipeline->Illuminate\\Pipeline\\{closure}(Object(Illuminate\\Http\\Request))
#13 E:\\Meng\\Self-Taught\\Learn Laravel\\7-digitalcoean_space_laravel_10\\vendor\\laravel\\framework\\src\\Illuminate\\Pipeline\\Pipeline.php(167): Illuminate\\Foundation\\Http\\Middleware\\VerifyCsrfToken->handle(Object(Illuminate\\Http\\Request), Object(Closure))
#14 E:\\Meng\\Self-Taught\\Learn Laravel\\7-digitalcoean_space_laravel_10\\vendor\\laravel\\framework\\src\\Illuminate\\View\\Middleware\\ShareErrorsFromSession.php(49): Illuminate\\Pipeline\\Pipeline->Illuminate\\Pipeline\\{closure}(Object(Illuminate\\Http\\Request))
#15 E:\\Meng\\Self-Taught\\Learn Laravel\\7-digitalcoean_space_laravel_10\\vendor\\laravel\\framework\\src\\Illuminate\\Pipeline\\Pipeline.php(167): Illuminate\\View\\Middleware\\ShareErrorsFromSession->handle(Object(Illuminate\\Http\\Request), Object(Closure))
#16 E:\\Meng\\Self-Taught\\Learn Laravel\\7-digitalcoean_space_laravel_10\\vendor\\laravel\\framework\\src\\Illuminate\\Session\\Middleware\\StartSession.php(121): Illuminate\\Pipeline\\Pipeline->Illuminate\\Pipeline\\{closure}(Object(Illuminate\\Http\\Request))
#17 E:\\Meng\\Self-Taught\\Learn Laravel\\7-digitalcoean_space_laravel_10\\vendor\\laravel\\framework\\src\\Illuminate\\Session\\Middleware\\StartSession.php(64): Illuminate\\Session\\Middleware\\StartSession->handleStatefulRequest(Object(Illuminate\\Http\\Request), Object(Illuminate\\Session\\Store), Object(Closure))
#18 E:\\Meng\\Self-Taught\\Learn Laravel\\7-digitalcoean_space_laravel_10\\vendor\\laravel\\framework\\src\\Illuminate\\Pipeline\\Pipeline.php(167): Illuminate\\Session\\Middleware\\StartSession->handle(Object(Illuminate\\Http\\Request), Object(Closure))
#19 E:\\Meng\\Self-Taught\\Learn Laravel\\7-digitalcoean_space_laravel_10\\vendor\\laravel\\framework\\src\\Illuminate\\Cookie\\Middleware\\AddQueuedCookiesToResponse.php(37): Illuminate\\Pipeline\\Pipeline->Illuminate\\Pipeline\\{closure}(Object(Illuminate\\Http\\Request))
#20 E:\\Meng\\Self-Taught\\Learn Laravel\\7-digitalcoean_space_laravel_10\\vendor\\laravel\\framework\\src\\Illuminate\\Pipeline\\Pipeline.php(167): Illuminate\\Cookie\\Middleware\\AddQueuedCookiesToResponse->handle(Object(Illuminate\\Http\\Request), Object(Closure))
#21 E:\\Meng\\Self-Taught\\Learn Laravel\\7-digitalcoean_space_laravel_10\\vendor\\laravel\\framework\\src\\Illuminate\\Cookie\\Middleware\\EncryptCookies.php(67): Illuminate\\Pipeline\\Pipeline->Illuminate\\Pipeline\\{closure}(Object(Illuminate\\Http\\Request))
#22 E:\\Meng\\Self-Taught\\Learn Laravel\\7-digitalcoean_space_laravel_10\\vendor\\laravel\\framework\\src\\Illuminate\\Pipeline\\Pipeline.php(167): Illuminate\\Cookie\\Middleware\\EncryptCookies->handle(Object(Illuminate\\Http\\Request), Object(Closure))
#23 E:\\Meng\\Self-Taught\\Learn Laravel\\7-digitalcoean_space_laravel_10\\vendor\\laravel\\framework\\src\\Illuminate\\Pipeline\\Pipeline.php(103): Illuminate\\Pipeline\\Pipeline->Illuminate\\Pipeline\\{closure}(Object(Illuminate\\Http\\Request))
#24 E:\\Meng\\Self-Taught\\Learn Laravel\\7-digitalcoean_space_laravel_10\\vendor\\laravel\\framework\\src\\Illuminate\\Routing\\Router.php(723): Illuminate\\Pipeline\\Pipeline->then(Object(Closure))
#25 E:\\Meng\\Self-Taught\\Learn Laravel\\7-digitalcoean_space_laravel_10\\vendor\\laravel\\framework\\src\\Illuminate\\Routing\\Router.php(698): Illuminate\\Routing\\Router->runRouteWithinStack(Object(Illuminate\\Routing\\Route), Object(Illuminate\\Http\\Request))
#26 E:\\Meng\\Self-Taught\\Learn Laravel\\7-digitalcoean_space_laravel_10\\vendor\\laravel\\framework\\src\\Illuminate\\Routing\\Router.php(662): Illuminate\\Routing\\Router->runRoute(Object(Illuminate\\Http\\Request), Object(Illuminate\\Routing\\Route))
#27 E:\\Meng\\Self-Taught\\Learn Laravel\\7-digitalcoean_space_laravel_10\\vendor\\laravel\\framework\\src\\Illuminate\\Routing\\Router.php(651): Illuminate\\Routing\\Router->dispatchToRoute(Object(Illuminate\\Http\\Request))
#28 E:\\Meng\\Self-Taught\\Learn Laravel\\7-digitalcoean_space_laravel_10\\vendor\\laravel\\framework\\src\\Illuminate\\Foundation\\Http\\Kernel.php(167): Illuminate\\Routing\\Router->dispatch(Object(Illuminate\\Http\\Request))
#29 E:\\Meng\\Self-Taught\\Learn Laravel\\7-digitalcoean_space_laravel_10\\vendor\\laravel\\framework\\src\\Illuminate\\Pipeline\\Pipeline.php(128): Illuminate\\Foundation\\Http\\Kernel->Illuminate\\Foundation\\Http\\{closure}(Object(Illuminate\\Http\\Request))
#30 E:\\Meng\\Self-Taught\\Learn Laravel\\7-digitalcoean_space_laravel_10\\vendor\\laravel\\framework\\src\\Illuminate\\Foundation\\Http\\Middleware\\TransformsRequest.php(21): Illuminate\\Pipeline\\Pipeline->Illuminate\\Pipeline\\{closure}(Object(Illuminate\\Http\\Request))
#31 E:\\Meng\\Self-Taught\\Learn Laravel\\7-digitalcoean_space_laravel_10\\vendor\\laravel\\framework\\src\\Illuminate\\Foundation\\Http\\Middleware\\ConvertEmptyStringsToNull.php(31): Illuminate\\Foundation\\Http\\Middleware\\TransformsRequest->handle(Object(Illuminate\\Http\\Request), Object(Closure))
#32 E:\\Meng\\Self-Taught\\Learn Laravel\\7-digitalcoean_space_laravel_10\\vendor\\laravel\\framework\\src\\Illuminate\\Pipeline\\Pipeline.php(167): Illuminate\\Foundation\\Http\\Middleware\\ConvertEmptyStringsToNull->handle(Object(Illuminate\\Http\\Request), Object(Closure))
#33 E:\\Meng\\Self-Taught\\Learn Laravel\\7-digitalcoean_space_laravel_10\\vendor\\laravel\\framework\\src\\Illuminate\\Foundation\\Http\\Middleware\\TransformsRequest.php(21): Illuminate\\Pipeline\\Pipeline->Illuminate\\Pipeline\\{closure}(Object(Illuminate\\Http\\Request))
#34 E:\\Meng\\Self-Taught\\Learn Laravel\\7-digitalcoean_space_laravel_10\\vendor\\laravel\\framework\\src\\Illuminate\\Foundation\\Http\\Middleware\\TrimStrings.php(40): Illuminate\\Foundation\\Http\\Middleware\\TransformsRequest->handle(Object(Illuminate\\Http\\Request), Object(Closure))
#35 E:\\Meng\\Self-Taught\\Learn Laravel\\7-digitalcoean_space_laravel_10\\vendor\\laravel\\framework\\src\\Illuminate\\Pipeline\\Pipeline.php(167): Illuminate\\Foundation\\Http\\Middleware\\TrimStrings->handle(Object(Illuminate\\Http\\Request), Object(Closure))
#36 E:\\Meng\\Self-Taught\\Learn Laravel\\7-digitalcoean_space_laravel_10\\vendor\\laravel\\framework\\src\\Illuminate\\Foundation\\Http\\Middleware\\ValidatePostSize.php(27): Illuminate\\Pipeline\\Pipeline->Illuminate\\Pipeline\\{closure}(Object(Illuminate\\Http\\Request))
#37 E:\\Meng\\Self-Taught\\Learn Laravel\\7-digitalcoean_space_laravel_10\\vendor\\laravel\\framework\\src\\Illuminate\\Pipeline\\Pipeline.php(167): Illuminate\\Foundation\\Http\\Middleware\\ValidatePostSize->handle(Object(Illuminate\\Http\\Request), Object(Closure))
#38 E:\\Meng\\Self-Taught\\Learn Laravel\\7-digitalcoean_space_laravel_10\\vendor\\laravel\\framework\\src\\Illuminate\\Foundation\\Http\\Middleware\\PreventRequestsDuringMaintenance.php(86): Illuminate\\Pipeline\\Pipeline->Illuminate\\Pipeline\\{closure}(Object(Illuminate\\Http\\Request))
#39 E:\\Meng\\Self-Taught\\Learn Laravel\\7-digitalcoean_space_laravel_10\\vendor\\laravel\\framework\\src\\Illuminate\\Pipeline\\Pipeline.php(167): Illuminate\\Foundation\\Http\\Middleware\\PreventRequestsDuringMaintenance->handle(Object(Illuminate\\Http\\Request), Object(Closure))
#40 E:\\Meng\\Self-Taught\\Learn Laravel\\7-digitalcoean_space_laravel_10\\vendor\\fruitcake\\laravel-cors\\src\\HandleCors.php(38): Illuminate\\Pipeline\\Pipeline->Illuminate\\Pipeline\\{closure}(Object(Illuminate\\Http\\Request))
#41 E:\\Meng\\Self-Taught\\Learn Laravel\\7-digitalcoean_space_laravel_10\\vendor\\laravel\\framework\\src\\Illuminate\\Pipeline\\Pipeline.php(167): Fruitcake\\Cors\\HandleCors->handle(Object(Illuminate\\Http\\Request), Object(Closure))
#42 E:\\Meng\\Self-Taught\\Learn Laravel\\7-digitalcoean_space_laravel_10\\vendor\\laravel\\framework\\src\\Illuminate\\Http\\Middleware\\TrustProxies.php(39): Illuminate\\Pipeline\\Pipeline->Illuminate\\Pipeline\\{closure}(Object(Illuminate\\Http\\Request))
#43 E:\\Meng\\Self-Taught\\Learn Laravel\\7-digitalcoean_space_laravel_10\\vendor\\laravel\\framework\\src\\Illuminate\\Pipeline\\Pipeline.php(167): Illuminate\\Http\\Middleware\\TrustProxies->handle(Object(Illuminate\\Http\\Request), Object(Closure))
#44 E:\\Meng\\Self-Taught\\Learn Laravel\\7-digitalcoean_space_laravel_10\\vendor\\laravel\\framework\\src\\Illuminate\\Pipeline\\Pipeline.php(103): Illuminate\\Pipeline\\Pipeline->Illuminate\\Pipeline\\{closure}(Object(Illuminate\\Http\\Request))
#45 E:\\Meng\\Self-Taught\\Learn Laravel\\7-digitalcoean_space_laravel_10\\vendor\\laravel\\framework\\src\\Illuminate\\Foundation\\Http\\Kernel.php(142): Illuminate\\Pipeline\\Pipeline->then(Object(Closure))
#46 E:\\Meng\\Self-Taught\\Learn Laravel\\7-digitalcoean_space_laravel_10\\vendor\\laravel\\framework\\src\\Illuminate\\Foundation\\Http\\Kernel.php(111): Illuminate\\Foundation\\Http\\Kernel->sendRequestThroughRouter(Object(Illuminate\\Http\\Request))
#47 E:\\Meng\\Self-Taught\\Learn Laravel\\7-digitalcoean_space_laravel_10\\public\\index.php(52): Illuminate\\Foundation\\Http\\Kernel->handle(Object(Illuminate\\Http\\Request))
#48 E:\\Meng\\Self-Taught\\Learn Laravel\\7-digitalcoean_space_laravel_10\\server.php(21): require_once('E:\\\\Meng\\\\Self-Ta...')
#49 {main}
"} 
